<?xml version="1.0" encoding="UTF-8"?>
<testng-results skipped="0" failed="0" ignored="0" total="1" passed="1">
  <reporter-output>
  </reporter-output>
  <suite name="Default suite" duration-ms="11829" started-at="2018-04-10T02:10:54Z" finished-at="2018-04-10T02:11:06Z">
    <groups>
    </groups>
    <test name="Default test" duration-ms="11829" started-at="2018-04-10T02:10:54Z" finished-at="2018-04-10T02:11:06Z">
      <class name="com.seleniumbasic.Test12">
        <test-method status="PASS" signature="test()[pri:0, instance:com.seleniumbasic.Test12@68be2bc2]" name="test" duration-ms="11750" started-at="2018-04-10T02:10:54Z" finished-at="2018-04-10T02:11:06Z">
          <reporter-output>
          </reporter-output>
        </test-method> <!-- test -->
      </class> <!-- com.seleniumbasic.Test12 -->
    </test> <!-- Default test -->
  </suite> <!-- Default suite -->
</testng-results>
